Arguments: 
  /Users/kozman/.nvm/versions/node/v10.13.0/bin/node /usr/local/bin/yarn publish

PATH: 
  /Library/Frameworks/Python.framework/Versions/3.6/bin:/Users/kozman/.nvm/versions/node/v10.13.0/bin:/anaconda3/bin:/Library/Frameworks/Python.framework/Versions/3.7/bin:/Users/kozman/.fastlane/bin:/usr/local/bin:/usr/bin:/bin:/usr/sbin:/sbin

Yarn version: 
  1.13.0

Node version: 
  10.13.0

Platform: 
  darwin x64

Trace: 
  Error: canceled
      at Interface.<anonymous> (/usr/local/lib/node_modules/yarn/lib/cli.js:125657:13)
      at Interface.emit (events.js:182:13)
      at Interface._ttyWrite (readline.js:783:16)
      at ReadStream.onkeypress (readline.js:168:10)
      at ReadStream.emit (events.js:182:13)
      at emitKeys (internal/readline.js:424:14)
      at emitKeys.next (<anonymous>)
      at ReadStream.onData (readline.js:1022:36)
      at ReadStream.emit (events.js:182:13)
      at addChunk (_stream_readable.js:283:12)

npm manifest: 
  {
    "name": "react-native-recommendation",
    "version": "1.0.2",
    "description": "A React Native component for generating and displaying interactive rating and recommendation views",
    "main": "lib/index.js",
    "scripts": {
      "test": "echo \"Error: no test specified\" && exit 1"
    },
    "repository": "https://github.com/Ahmednagyyy/React-Native-Recommendation",
    "keywords": [
      "react",
      "native",
      "rating",
      "react",
      "native",
      "recommendation",
      "rating",
      "rate",
      "ratings",
      "recommendation",
      "nps",
      "stars",
      "rating",
      "stars"
    ],
    "author": "ahmednagyyy <ahmed.nagii2511@gmail.com>",
    "license": "ISC",
    "peerDependencies": {
      "lodash": "^4.17.5",
      "react": "*",
      "react-native": "*"
    }
  }

yarn manifest: 
  No manifest

Lockfile: 
  No lockfile
